<?xml version="1.0" encoding="UTF-8"?>
<!-- Generated by org.testng.reporters.JUnitReportReporter -->
<testsuite hostname="LAPTOP-6I2ERQM6" failures="0" tests="1" name="pac.Test1.Test1" time="0.022" errors="0" timestamp="2024-01-23T11:32:36 IST" skipped="0">
  <testcase classname="pac.Test1.Test1" name="VerifytheButton" time="0.022"/>
</testsuite> <!-- pac.Test1.Test1 -->
