<?xml version="1.0" encoding="UTF-8"?>
<!-- Generated by org.testng.reporters.JUnitReportReporter -->
<testsuite hostname="LAPTOP-6I2ERQM6" failures="0" tests="1" name="pac.Test1.Listen" time="4.613" errors="0" timestamp="2024-01-24T12:11:15 IST" skipped="0">
  <testcase classname="pac.Test1.Listen" name="Testone" time="4.613"/>
</testsuite> <!-- pac.Test1.Listen -->
