<?xml version="1.0" encoding="UTF-8"?>
<!-- Generated by org.testng.reporters.JUnitReportReporter -->
<testsuite hostname="LAPTOP-6I2ERQM6" failures="0" tests="5" name="pac.Test1.Demo" time="2.528" errors="0" timestamp="2024-01-19T11:54:20 IST" skipped="1">
  <testcase classname="pac.Test1.Demo" name="TestA" time="0.010"/>
  <testcase classname="pac.Test1.Demo" name="TestE" time="2.511"/>
  <testcase classname="pac.Test1.Demo" name="TestC" time="0.005"/>
  <testcase classname="pac.Test1.Demo" name="TestB" time="0.002"/>
  <testcase classname="pac.Test1.Demo" name="TestD">
    <skipped/>
  </testcase> <!-- TestD -->
</testsuite> <!-- pac.Test1.Demo -->
